<?xml version="1.0" encoding="UTF-8"?>
<!-- Generated by org.testng.reporters.JUnitXMLReporter -->
<testsuite hostname="Alla_pc" ignored="0" name="Surefire test" tests="6" failures="0" timestamp="19 скв 2019 18:14:49 GMT" time="58.154" errors="0">
  <testcase name="checkClassVMFromEstimate" time="0.686" classname="test.TestHardCore"/>
  <testcase name="checkInstanceTypeFromEstimate" time="0.245" classname="test.TestHardCore"/>
  <testcase name="checkRegoinFromEstimate" time="0.108" classname="test.TestHardCore"/>
  <testcase name="checkLocalSSDFromEstimate" time="0.102" classname="test.TestHardCore"/>
  <testcase name="checkCommitmentFromEstimate" time="0.081" classname="test.TestHardCore"/>
  <testcase name="checkTotalCoastFromEstimate" time="0.079" classname="test.TestHardCore"/>
</testsuite> <!-- Surefire test -->
